<?xml version="1.0" encoding="UTF-8"?>
<!-- Generated by org.testng.reporters.JUnitReportReporter -->
<testsuite hostname="DESKTOP-G7B0PR6" failures="0" tests="1" name="com.demo.TakeScreenshotFileHandlerClass2" time="36.010" errors="0" timestamp="2019-09-19T00:30:35 IST" skipped="0">
  <testcase classname="com.demo.TakeScreenshotFileHandlerClass2" name="TakeScreenshotFileHandler" time="36.010"/>
</testsuite> <!-- com.demo.TakeScreenshotFileHandlerClass2 -->
