<?xml version="1.0" encoding="UTF-8"?>
<!-- Generated by org.testng.reporters.JUnitReportReporter -->
<testsuite hostname="DESKTOP-G7B0PR6" failures="0" tests="1" name="com.demo.TakeScreenshotFileHandlerClass" time="27.253" errors="0" timestamp="2019-09-15T19:56:30 IST" skipped="0">
  <testcase classname="com.demo.TakeScreenshotFileHandlerClass" name="TakeScreenshotFileHandler" time="27.253"/>
</testsuite> <!-- com.demo.TakeScreenshotFileHandlerClass -->
