<?xml version="1.0" encoding="UTF-8"?>
<!-- Generated by org.testng.reporters.JUnitReportReporter -->
<testsuite hostname="DESKTOP-G7B0PR6" failures="0" tests="1" name="com.demo.NewTest" time="9.679" errors="0" timestamp="2019-09-14T22:36:46 IST" skipped="0">
  <testcase classname="com.demo.NewTest" name="TakeFullScreenshot" time="9.679"/>
</testsuite> <!-- com.demo.NewTest -->
