<?xml version="1.0" encoding="UTF-8"?>
<!-- Generated by org.testng.reporters.JUnitReportReporter -->
<testsuite hostname="DESKTOP-G7B0PR6" failures="0" tests="1" name="com.demo.WebElemntScreenshot" time="28.538" errors="0" timestamp="2019-09-15T02:16:54 IST" skipped="0">
  <testcase classname="com.demo.WebElemntScreenshot" name="WebElementScreenshot" time="28.538"/>
</testsuite> <!-- com.demo.WebElemntScreenshot -->
