<?xml version="1.0" encoding="UTF-8"?>
<!-- Generated by org.testng.reporters.JUnitReportReporter -->
<testsuite hostname="DESKTOP-G7B0PR6" failures="0" tests="1" name="com.demo.TakeScreenshotFileHandlerClass" time="33.058" errors="0" timestamp="2019-09-15T19:23:30 IST" skipped="0">
  <testcase classname="com.demo.TakeScreenshotFileHandlerClass" name="TakeScreenshotFileHandler" time="33.058"/>
</testsuite> <!-- com.demo.TakeScreenshotFileHandlerClass -->
